<?xml version="1.0" encoding="UTF-8"?>
<testsuite xmlns:xsi="http://www.w3.org/2001/XMLSchema-instance" xsi:noNamespaceSchemaLocation="https://maven.apache.org/surefire/maven-surefire-plugin/xsd/surefire-test-report-3.0.xsd" version="3.0" name="selenuimProjects.AppTest" time="176.786" tests="10" errors="0" skipped="0" failures="2">
  <properties>
[...]
</properties>
  <testcase name="test01" classname="selenuimProjects.AppTest" time="10.529"/>
  <testcase name="test010" classname="selenuimProjects.AppTest" time="4.245"/>
  <testcase name="test02" classname="selenuimProjects.AppTest" time="1.523">
    <failure message="element click intercepted: Element &lt;a class=&quot;dropdown__title&quot; href=&quot;#!&quot; role=&quot;button&quot; aria-expanded=&quot;false&quot; data-element-type=&quot;globalNav&quot; data-element-name=&quot;Your Account&quot;&gt;...&lt;/a&gt; is not clickable at point (166, 509). Other element would receive the click: &lt;a class=&quot;standard-link__title&quot; href=&quot;/offers/offers.jsp/weeklyad&quot; data-element-type=&quot;globalNav&quot; data-element-name=&quot;Weekly Ad&quot;&gt;...&lt;/a&gt;&#10;  (Session info: chrome=97.0.4692.99)&#10;Build info: version: &apos;4.1.1&apos;, revision: &apos;e8fcc2cecf&apos;&#10;System info: host: &apos;DESKTOP-328P50G&apos;, ip: &apos;192.168.181.1&apos;, os.name: &apos;Windows 10&apos;, os.arch: &apos;amd64&apos;, os.version: &apos;10.0&apos;, java.version: &apos;17&apos;&#10;Driver info: org.openqa.selenium.chrome.ChromeDriver&#10;Command: [481861a65f3c48a43b0ed5def57544a9, clickElement {id=568a3e74-19e2-4e9c-ae3c-8e9515660d6c}]&#10;Capabilities {acceptInsecureCerts: false, browserName: chrome, browserVersion: 97.0.4692.99, chrome: {chromedriverVersion: 97.0.4692.71 (adefa7837d02a..., userDataDir: C:\Users\nchao\AppData\Loca...}, goog:chromeOptions: {debuggerAddress: localhost:59905}, javascriptEnabled: true, networkConnectionEnabled: false, pageLoadStrategy: normal, platform: WINDOWS, platformName: WINDOWS, proxy: Proxy(), se:cdp: ws://localhost:59905/devtoo..., se:cdpVersion: 97.0.4692.99, setWindowRect: true, strictFileInteractability: false, timeouts: {implicit: 0, pageLoad: 300000, script: 30000}, unhandledPromptBehavior: dismiss and notify, webauthn:extension:credBlob: true, webauthn:extension:largeBlob: true, webauthn:virtualAuthenticators: true}&#10;Element: [[ChromeDriver: chrome on WINDOWS (481861a65f3c48a43b0ed5def57544a9)] -&gt; xpath: //a[@data-element-name=&quot;Your Account&quot;][@class=&quot;dropdown__title&quot;]]&#10;Session ID: 481861a65f3c48a43b0ed5def57544a9" type="org.openqa.selenium.ElementClickInterceptedException"><![CDATA[org.openqa.selenium.ElementClickInterceptedException: 
element click intercepted: Element <a class="dropdown__title" href="#!" role="button" aria-expanded="false" data-element-type="globalNav" data-element-name="Your Account">...</a> is not clickable at point (166, 509). Other element would receive the click: <a class="standard-link__title" href="/offers/offers.jsp/weeklyad" data-element-type="globalNav" data-element-name="Weekly Ad">...</a>
  (Session info: chrome=97.0.4692.99)
Build info: version: '4.1.1', revision: 'e8fcc2cecf'
System info: host: 'DESKTOP-328P50G', ip: '192.168.181.1', os.name: 'Windows 10', os.arch: 'amd64', os.version: '10.0', java.version: '17'
Driver info: org.openqa.selenium.chrome.ChromeDriver
Command: [481861a65f3c48a43b0ed5def57544a9, clickElement {id=568a3e74-19e2-4e9c-ae3c-8e9515660d6c}]
Capabilities {acceptInsecureCerts: false, browserName: chrome, browserVersion: 97.0.4692.99, chrome: {chromedriverVersion: 97.0.4692.71 (adefa7837d02a..., userDataDir: C:\Users\nchao\AppData\Loca...}, goog:chromeOptions: {debuggerAddress: localhost:59905}, javascriptEnabled: true, networkConnectionEnabled: false, pageLoadStrategy: normal, platform: WINDOWS, platformName: WINDOWS, proxy: Proxy(), se:cdp: ws://localhost:59905/devtoo..., se:cdpVersion: 97.0.4692.99, setWindowRect: true, strictFileInteractability: false, timeouts: {implicit: 0, pageLoad: 300000, script: 30000}, unhandledPromptBehavior: dismiss and notify, webauthn:extension:credBlob: true, webauthn:extension:largeBlob: true, webauthn:virtualAuthenticators: true}
Element: [[ChromeDriver: chrome on WINDOWS (481861a65f3c48a43b0ed5def57544a9)] -> xpath: //a[@data-element-name="Your Account"][@class="dropdown__title"]]
Session ID: 481861a65f3c48a43b0ed5def57544a9
	at selenuimProjects.AppTest.test02(AppTest.java:82)
]]></failure>
    <system-err><![CDATA[Jan 28, 2022 11:24:05 AM org.openqa.selenium.remote.http.WebSocket$Listener onError
WARNING: Connection reset
java.net.SocketException: Connection reset
	at java.base/sun.nio.ch.SocketChannelImpl.throwConnectionReset(SocketChannelImpl.java:394)
	at java.base/sun.nio.ch.SocketChannelImpl.read(SocketChannelImpl.java:426)
	at io.netty.buffer.PooledByteBuf.setBytes(PooledByteBuf.java:253)
	at io.netty.buffer.AbstractByteBuf.writeBytes(AbstractByteBuf.java:1132)
	at io.netty.channel.socket.nio.NioSocketChannel.doReadBytes(NioSocketChannel.java:350)
	at io.netty.channel.nio.AbstractNioByteChannel$NioByteUnsafe.read(AbstractNioByteChannel.java:151)
	at io.netty.channel.nio.NioEventLoop.processSelectedKey(NioEventLoop.java:719)
	at io.netty.channel.nio.NioEventLoop.processSelectedKeysOptimized(NioEventLoop.java:655)
	at io.netty.channel.nio.NioEventLoop.processSelectedKeys(NioEventLoop.java:581)
	at io.netty.channel.nio.NioEventLoop.run(NioEventLoop.java:493)
	at io.netty.util.concurrent.SingleThreadEventExecutor$4.run(SingleThreadEventExecutor.java:986)
	at io.netty.util.internal.ThreadExecutorMap$2.run(ThreadExecutorMap.java:74)
	at io.netty.util.concurrent.FastThreadLocalRunnable.run(FastThreadLocalRunnable.java:30)
	at java.base/java.lang.Thread.run(Thread.java:833)

Starting ChromeDriver 97.0.4692.71 (adefa7837d02a07a604c1e6eff0b3a09422ab88d-refs/branch-heads/4692@{#1247}) on port 56831
Only local connections are allowed.
Please see https://chromedriver.chromium.org/security-considerations for suggestions on keeping ChromeDriver safe.
ChromeDriver was started successfully.
Jan 28, 2022 11:24:06 AM org.openqa.selenium.remote.ProtocolHandshake createSession
INFO: Detected dialect: W3C
Jan 28, 2022 11:24:06 AM org.openqa.selenium.devtools.CdpVersionFinder findNearestMatch
WARNING: Unable to find an exact match for CDP version 97, so returning the closest version found: 96
Jan 28, 2022 11:24:06 AM org.openqa.selenium.devtools.CdpVersionFinder findNearestMatch
INFO: Found CDP implementation for version 97 of 96
]]></system-err>
  </testcase>
  <testcase name="test03" classname="selenuimProjects.AppTest" time="5.856"/>
  <testcase name="test04" classname="selenuimProjects.AppTest" time="39.257">
    <failure message="no such element: Unable to locate element: {&quot;method&quot;:&quot;css selector&quot;,&quot;selector&quot;:&quot;div[class=&quot;row d-none d-sm-block&quot;]&gt;a[class=&quot;btn btn-primary&quot;]&quot;}&#10;  (Session info: chrome=97.0.4692.99)&#10;For documentation on this error, please visit: https://selenium.dev/exceptions/#no_such_element&#10;Build info: version: &apos;4.1.1&apos;, revision: &apos;e8fcc2cecf&apos;&#10;System info: host: &apos;DESKTOP-328P50G&apos;, ip: &apos;192.168.181.1&apos;, os.name: &apos;Windows 10&apos;, os.arch: &apos;amd64&apos;, os.version: &apos;10.0&apos;, java.version: &apos;17&apos;&#10;Driver info: org.openqa.selenium.chrome.ChromeDriver&#10;Command: [a9a915cae88a931c89729e39712ad61e, findElement {using=css selector, value=div[class=&quot;row d-none d-sm-block&quot;]&gt;a[class=&quot;btn btn-primary&quot;]}]&#10;Capabilities {acceptInsecureCerts: false, browserName: chrome, browserVersion: 97.0.4692.99, chrome: {chromedriverVersion: 97.0.4692.71 (adefa7837d02a..., userDataDir: C:\Users\nchao\AppData\Loca...}, goog:chromeOptions: {debuggerAddress: localhost:60124}, javascriptEnabled: true, networkConnectionEnabled: false, pageLoadStrategy: normal, platform: WINDOWS, platformName: WINDOWS, proxy: Proxy(), se:cdp: ws://localhost:60124/devtoo..., se:cdpVersion: 97.0.4692.99, setWindowRect: true, strictFileInteractability: false, timeouts: {implicit: 0, pageLoad: 300000, script: 30000}, unhandledPromptBehavior: dismiss and notify, webauthn:extension:credBlob: true, webauthn:extension:largeBlob: true, webauthn:virtualAuthenticators: true}&#10;Session ID: a9a915cae88a931c89729e39712ad61e" type="org.openqa.selenium.NoSuchElementException"><![CDATA[org.openqa.selenium.NoSuchElementException: 
no such element: Unable to locate element: {"method":"css selector","selector":"div[class="row d-none d-sm-block"]>a[class="btn btn-primary"]"}
  (Session info: chrome=97.0.4692.99)
For documentation on this error, please visit: https://selenium.dev/exceptions/#no_such_element
Build info: version: '4.1.1', revision: 'e8fcc2cecf'
System info: host: 'DESKTOP-328P50G', ip: '192.168.181.1', os.name: 'Windows 10', os.arch: 'amd64', os.version: '10.0', java.version: '17'
Driver info: org.openqa.selenium.chrome.ChromeDriver
Command: [a9a915cae88a931c89729e39712ad61e, findElement {using=css selector, value=div[class="row d-none d-sm-block"]>a[class="btn btn-primary"]}]
Capabilities {acceptInsecureCerts: false, browserName: chrome, browserVersion: 97.0.4692.99, chrome: {chromedriverVersion: 97.0.4692.71 (adefa7837d02a..., userDataDir: C:\Users\nchao\AppData\Loca...}, goog:chromeOptions: {debuggerAddress: localhost:60124}, javascriptEnabled: true, networkConnectionEnabled: false, pageLoadStrategy: normal, platform: WINDOWS, platformName: WINDOWS, proxy: Proxy(), se:cdp: ws://localhost:60124/devtoo..., se:cdpVersion: 97.0.4692.99, setWindowRect: true, strictFileInteractability: false, timeouts: {implicit: 0, pageLoad: 300000, script: 30000}, unhandledPromptBehavior: dismiss and notify, webauthn:extension:credBlob: true, webauthn:extension:largeBlob: true, webauthn:virtualAuthenticators: true}
Session ID: a9a915cae88a931c89729e39712ad61e
	at selenuimProjects.AppTest.test04(AppTest.java:142)
]]></failure>
    <system-err><![CDATA[Starting ChromeDriver 97.0.4692.71 (adefa7837d02a07a604c1e6eff0b3a09422ab88d-refs/branch-heads/4692@{#1247}) on port 61246
Only local connections are allowed.
Please see https://chromedriver.chromium.org/security-considerations for suggestions on keeping ChromeDriver safe.
ChromeDriver was started successfully.
Jan 28, 2022 11:24:31 AM org.openqa.selenium.remote.ProtocolHandshake createSession
INFO: Detected dialect: W3C
Jan 28, 2022 11:24:31 AM org.openqa.selenium.devtools.CdpVersionFinder findNearestMatch
WARNING: Unable to find an exact match for CDP version 97, so returning the closest version found: 96
Jan 28, 2022 11:24:31 AM org.openqa.selenium.devtools.CdpVersionFinder findNearestMatch
INFO: Found CDP implementation for version 97 of 96
]]></system-err>
  </testcase>
  <testcase name="test06" classname="selenuimProjects.AppTest" time="18.694"/>
  <testcase name="test07" classname="selenuimProjects.AppTest" time="2.445"/>
  <testcase name="test08" classname="selenuimProjects.AppTest" time="2.198"/>
  <testcase name="test09" classname="selenuimProjects.AppTest" time="17.157"/>
  <testcase name="test5" classname="selenuimProjects.AppTest" time="9.102"/>
</testsuite>